<?xml version="1.0" encoding="UTF-8"?>
<testng-results skipped="0" failed="0" ignored="0" total="3" passed="3">
  <reporter-output>
  </reporter-output>
  <suite name="Free CRM Application Automation Test Suite" duration-ms="64761" started-at="2019-09-04T13:32:09Z" finished-at="2019-09-04T13:33:14Z">
    <groups>
    </groups>
    <test name="Free CRM App Test Cases" duration-ms="64761" started-at="2019-09-04T13:32:09Z" finished-at="2019-09-04T13:33:14Z">
      <class name="com.qa.freeCRM.testcases.ContactsPageTest">
        <test-method status="PASS" signature="setUp()[pri:0, instance:com.qa.freeCRM.testcases.ContactsPageTest@1ce92674]" name="setUp" is-config="true" duration-ms="32659" started-at="2019-09-04T13:32:09Z" finished-at="2019-09-04T13:32:41Z">
          <reporter-output>
          </reporter-output>
        </test-method> <!-- setUp -->
        <test-method status="PASS" signature="verifyContactsPageLabel()[pri:1, instance:com.qa.freeCRM.testcases.ContactsPageTest@1ce92674]" name="verifyContactsPageLabel" duration-ms="43" started-at="2019-09-04T13:32:41Z" finished-at="2019-09-04T13:32:41Z">
          <reporter-output>
          </reporter-output>
        </test-method> <!-- verifyContactsPageLabel -->
        <test-method status="PASS" signature="tearDown()[pri:0, instance:com.qa.freeCRM.testcases.ContactsPageTest@1ce92674]" name="tearDown" is-config="true" duration-ms="709" started-at="2019-09-04T13:32:41Z" finished-at="2019-09-04T13:32:42Z">
          <reporter-output>
          </reporter-output>
        </test-method> <!-- tearDown -->
      </class> <!-- com.qa.freeCRM.testcases.ContactsPageTest -->
      <class name="com.qa.freeCRM.testcases.HomePageTest">
        <test-method status="PASS" signature="setUp()[pri:0, instance:com.qa.freeCRM.testcases.HomePageTest@5700d6b1]" name="setUp" is-config="true" duration-ms="18541" started-at="2019-09-04T13:32:42Z" finished-at="2019-09-04T13:33:01Z">
          <reporter-output>
          </reporter-output>
        </test-method> <!-- setUp -->
        <test-method status="PASS" signature="verifyHomePageTitleTest()[pri:1, instance:com.qa.freeCRM.testcases.HomePageTest@5700d6b1]" name="verifyHomePageTitleTest" duration-ms="12" started-at="2019-09-04T13:33:01Z" finished-at="2019-09-04T13:33:01Z">
          <reporter-output>
          </reporter-output>
        </test-method> <!-- verifyHomePageTitleTest -->
        <test-method status="PASS" signature="tearDown()[pri:0, instance:com.qa.freeCRM.testcases.HomePageTest@5700d6b1]" name="tearDown" is-config="true" duration-ms="646" started-at="2019-09-04T13:33:01Z" finished-at="2019-09-04T13:33:01Z">
          <reporter-output>
          </reporter-output>
        </test-method> <!-- tearDown -->
      </class> <!-- com.qa.freeCRM.testcases.HomePageTest -->
      <class name="com.qa.freeCRM.testcases.LoginPageTest">
        <test-method status="PASS" signature="setUp()[pri:0, instance:com.qa.freeCRM.testcases.LoginPageTest@6fd02e5]" name="setUp" is-config="true" duration-ms="11458" started-at="2019-09-04T13:33:01Z" finished-at="2019-09-04T13:33:13Z">
          <reporter-output>
          </reporter-output>
        </test-method> <!-- setUp -->
        <test-method status="PASS" signature="loginPageTitleTest()[pri:1, instance:com.qa.freeCRM.testcases.LoginPageTest@6fd02e5]" name="loginPageTitleTest" duration-ms="13" started-at="2019-09-04T13:33:13Z" finished-at="2019-09-04T13:33:13Z">
          <reporter-output>
          </reporter-output>
        </test-method> <!-- loginPageTitleTest -->
        <test-method status="PASS" signature="tearDown()[pri:0, instance:com.qa.freeCRM.testcases.LoginPageTest@6fd02e5]" name="tearDown" is-config="true" duration-ms="633" started-at="2019-09-04T13:33:13Z" finished-at="2019-09-04T13:33:14Z">
          <reporter-output>
          </reporter-output>
        </test-method> <!-- tearDown -->
      </class> <!-- com.qa.freeCRM.testcases.LoginPageTest -->
    </test> <!-- Free CRM App Test Cases -->
  </suite> <!-- Free CRM Application Automation Test Suite -->
</testng-results>
