<?xml version="1.0" encoding="UTF-8"?>
<!-- Generated by org.testng.reporters.JUnitXMLReporter -->
<testsuite hostname="Harshal-HP" ignored="3" name="Default test(failed)(failed)" tests="4" failures="0" timestamp="04 Sep 2019 09:26:36 GMT" time="89.246" errors="0">
  <testcase name="validateCreateNewContact" time="5.576" classname="com.qa.freeCRM.testcases.ContactsPageTest"/>
  <testcase name="validateCreateNewContact" time="4.474" classname="com.qa.freeCRM.testcases.ContactsPageTest"/>
  <testcase name="validateCreateNewContact" time="4.852" classname="com.qa.freeCRM.testcases.ContactsPageTest"/>
  <testcase name="validateCreateNewContact" time="4.831" classname="com.qa.freeCRM.testcases.ContactsPageTest"/>
  <testcase name="verifyContactsPageLabel" time="0.0" classname="com.qa.freeCRM.testcases.ContactsPageTest">
    <ignored/>
  </testcase> <!-- verifyContactsPageLabel -->
  <testcase name="selectContactsByNameTest" time="0.0" classname="com.qa.freeCRM.testcases.ContactsPageTest">
    <ignored/>
  </testcase> <!-- selectContactsByNameTest -->
  <testcase name="selectMultipleContactsByNameTest" time="0.0" classname="com.qa.freeCRM.testcases.ContactsPageTest">
    <ignored/>
  </testcase> <!-- selectMultipleContactsByNameTest -->
</testsuite> <!-- Default test(failed)(failed) -->
