<?xml version="1.0" encoding="UTF-8"?>
<!-- Generated by org.testng.reporters.JUnitXMLReporter -->
<testsuite hostname="Harshal-HP" ignored="0" name="Free CRM App Test Cases" tests="3" failures="0" timestamp="04 Sep 2019 13:33:14 GMT" time="64.761" errors="0">
  <testcase name="verifyContactsPageLabel" time="0.043" classname="com.qa.freeCRM.testcases.ContactsPageTest"/>
  <testcase name="verifyHomePageTitleTest" time="0.012" classname="com.qa.freeCRM.testcases.HomePageTest"/>
  <testcase name="loginPageTitleTest" time="0.013" classname="com.qa.freeCRM.testcases.LoginPageTest"/>
</testsuite> <!-- Free CRM App Test Cases -->
