<?xml version="1.0" encoding="UTF-8"?>
<!-- Generated by org.testng.reporters.JUnitXMLReporter -->
<testsuite hostname="Harshal-HP" ignored="2" name="Default test(failed)(failed)(failed)(failed)(failed)" tests="1" failures="0" timestamp="29 Aug 2019 18:53:34 GMT" time="24.436" errors="0">
  <testcase name="loginTest" time="10.101" classname="com.qa.freeCRM.testcases.LoginPageTest"/>
  <testcase name="loginPageTitleTest" time="0.0" classname="com.qa.freeCRM.testcases.LoginPageTest">
    <ignored/>
  </testcase> <!-- loginPageTitleTest -->
  <testcase name="loginPageCRMLogoTest" time="0.0" classname="com.qa.freeCRM.testcases.LoginPageTest">
    <ignored/>
  </testcase> <!-- loginPageCRMLogoTest -->
</testsuite> <!-- Default test(failed)(failed)(failed)(failed)(failed) -->
